{"D:\\Dropbox\\github\\road2nodejs\\softwareEngineering\\converageTest\\count10.js":{"path":"D:\\Dropbox\\github\\road2nodejs\\softwareEngineering\\converageTest\\count10.js","s":{"1":1,"2":1,"3":10,"4":1},"b":{},"f":{"1":1},"fnMap":{"1":{"name":"count10","line":1,"loc":{"start":{"line":1,"column":0},"end":{"line":1,"column":20}}}},"statementMap":{"1":{"start":{"line":1,"column":0},"end":{"line":4,"column":1}},"2":{"start":{"line":2,"column":2},"end":{"line":3,"column":25}},"3":{"start":{"line":3,"column":4},"end":{"line":3,"column":25}},"4":{"start":{"line":6,"column":0},"end":{"line":6,"column":9}}},"branchMap":{}}}